<?xml version="1.0" encoding="UTF-8"?>
<!-- Generated by org.testng.reporters.JUnitReportReporter -->
<testsuite hostname="Windows81" name="PratciseRestAssured.AddDataInPostsApi" tests="1" failures="0" timestamp="16 Jun 2020 06:51:50 GMT" time="6.662" errors="0">
  <testcase name="createNewData" time="6.662" classname="PratciseRestAssured.AddDataInPostsApi"/>
</testsuite> <!-- PratciseRestAssured.AddDataInPostsApi -->
