<?xml version="1.0" encoding="UTF-8"?>
<!-- Generated by org.testng.reporters.JUnitReportReporter -->
<testsuite hostname="Windows81" name="com.api.testscripts.CreateNewResource" tests="1" failures="0" timestamp="20 Jun 2020 06:14:43 GMT" time="16.528" errors="0">
  <testcase name="checkCreateNewResource" time="16.528" classname="com.api.testscripts.CreateNewResource"/>
</testsuite> <!-- com.api.testscripts.CreateNewResource -->
