<?xml version="1.0" encoding="UTF-8"?>
<!-- Generated by org.testng.reporters.JUnitReportReporter -->
<testsuite hostname="Windows81" name="PratciseRestAssured.AssertionHeadersByTestNG" tests="1" failures="0" timestamp="19 Jun 2020 05:36:37 GMT" time="10.208" errors="0">
  <testcase name="checkAssertion" time="10.208" classname="PratciseRestAssured.AssertionHeadersByTestNG"/>
</testsuite> <!-- PratciseRestAssured.AssertionHeadersByTestNG -->
