<?xml version="1.0" encoding="UTF-8"?>
<!-- Generated by org.testng.reporters.JUnitReportReporter -->
<testsuite hostname="Windows81" name="PratciseRestAssured.CheckSample" tests="1" failures="0" timestamp="13 Jun 2020 06:24:15 GMT" time="0.024" errors="0">
  <testcase name="check" time="0.024" classname="PratciseRestAssured.CheckSample"/>
</testsuite> <!-- PratciseRestAssured.CheckSample -->
