<?xml version="1.0" encoding="UTF-8"?>
<!-- Generated by org.testng.reporters.JUnitReportReporter -->
<testsuite hostname="Windows81" name="PratciseRestAssured.AssertionHeaderByRA" tests="1" failures="0" timestamp="19 Jun 2020 05:56:50 GMT" time="10.947" errors="0">
  <testcase name="checkHeaders" time="10.947" classname="PratciseRestAssured.AssertionHeaderByRA"/>
</testsuite> <!-- PratciseRestAssured.AssertionHeaderByRA -->
