<?xml version="1.0" encoding="UTF-8"?>
<!-- Generated by org.testng.reporters.JUnitReportReporter -->
<testsuite hostname="Windows81" name="com.api.testscripts.FetchAllPosts" tests="1" failures="0" timestamp="19 Jun 2020 07:03:02 GMT" time="15.508" errors="0">
  <testcase name="checkFetchAllPosts" time="15.508" classname="com.api.testscripts.FetchAllPosts"/>
</testsuite> <!-- com.api.testscripts.FetchAllPosts -->
