<?xml version="1.0" encoding="UTF-8"?>
<!-- Generated by org.testng.reporters.JUnitReportReporter -->
<testsuite hostname="Windows81" name="PratciseRestAssured.AddBulkData" tests="1" failures="0" timestamp="22 Jun 2020 07:04:35 GMT" time="17.371" errors="0">
  <testcase name="checkBulkPosting" time="17.371" classname="PratciseRestAssured.AddBulkData"/>
</testsuite> <!-- PratciseRestAssured.AddBulkData -->
