<?xml version="1.0" encoding="UTF-8"?>
<!-- Generated by org.testng.reporters.JUnitReportReporter -->
<testsuite hostname="Windows81" name="PratciseRestAssured.Parameterization" tests="1" failures="0" timestamp="16 Jun 2020 06:19:34 GMT" time="6.532" errors="0">
  <testcase name="checkParameter" time="6.532" classname="PratciseRestAssured.Parameterization"/>
</testsuite> <!-- PratciseRestAssured.Parameterization -->
