<?xml version="1.0" encoding="UTF-8"?>
<!-- Generated by org.testng.reporters.JUnitReportReporter -->
<testsuite hostname="Windows81" name="PratciseRestAssured.FetchAllCountries" tests="1" failures="0" timestamp="12 Jun 2020 06:44:39 GMT" time="11.449" errors="0">
  <testcase name="fetchAllCountry" time="11.449" classname="PratciseRestAssured.FetchAllCountries"/>
</testsuite> <!-- PratciseRestAssured.FetchAllCountries -->
