<?xml version="1.0" encoding="UTF-8"?>
<!-- Generated by org.testng.reporters.JUnitReportReporter -->
<testsuite hostname="Windows81" name="com.api.testscripts.FetchAllCountryTest" tests="1" failures="0" timestamp="22 Jun 2020 05:42:05 GMT" time="9.845" errors="0">
  <testcase name="checkAllCountries" time="9.845" classname="com.api.testscripts.FetchAllCountryTest"/>
</testsuite> <!-- com.api.testscripts.FetchAllCountryTest -->
