<?xml version="1.0" encoding="UTF-8"?>
<!-- Generated by org.testng.reporters.JUnitReportReporter -->
<testsuite hostname="Windows81" name="PratciseRestAssured.CheckJsonPath" tests="1" failures="0" timestamp="12 Jun 2020 06:08:52 GMT" time="7.952" errors="0">
  <testcase name="fetchPerticularData" time="7.952" classname="PratciseRestAssured.CheckJsonPath"/>
</testsuite> <!-- PratciseRestAssured.CheckJsonPath -->
