<?xml version="1.0" encoding="UTF-8"?>
<!-- Generated by org.testng.reporters.JUnitReportReporter -->
<testsuite hostname="Windows81" name="PratciseRestAssured.Authentication" tests="1" failures="0" timestamp="18 Jun 2020 05:35:27 GMT" time="6.857" errors="0">
  <testcase name="checkAuth" time="6.857" classname="PratciseRestAssured.Authentication"/>
</testsuite> <!-- PratciseRestAssured.Authentication -->
