<?xml version="1.0" encoding="UTF-8"?>
<!-- Generated by org.testng.reporters.JUnitReportReporter -->
<testsuite hostname="Windows81" name="PratciseRestAssured.CreateComplexData" tests="1" failures="0" timestamp="12 Jun 2020 05:20:39 GMT" time="39.438" errors="0">
  <testcase name="AddComplexData" time="39.438" classname="PratciseRestAssured.CreateComplexData"/>
</testsuite> <!-- PratciseRestAssured.CreateComplexData -->
