<?xml version="1.0" encoding="UTF-8"?>
<!-- Generated by org.testng.reporters.JUnitReportReporter -->
<testsuite hostname="Windows81" name="PratciseRestAssured.FetchDataFromPostsAPi" tests="1" failures="0" timestamp="11 Jun 2020 05:58:51 GMT" time="13.298" errors="0">
  <testcase name="getDataRequest" time="13.298" classname="PratciseRestAssured.FetchDataFromPostsAPi"/>
</testsuite> <!-- PratciseRestAssured.FetchDataFromPostsAPi -->
