<?xml version="1.0" encoding="UTF-8"?>
<!-- Generated by org.testng.reporters.JUnitReportReporter -->
<testsuite hostname="Windows81" name="com.api.testscripts.UpdatePartially" tests="1" failures="0" timestamp="20 Jun 2020 06:23:46 GMT" time="10.536" errors="0">
  <testcase name="checkPartiaUpdate" time="10.536" classname="com.api.testscripts.UpdatePartially"/>
</testsuite> <!-- com.api.testscripts.UpdatePartially -->
