<?xml version="1.0" encoding="UTF-8"?>
<!-- Generated by org.testng.reporters.JUnitReportReporter -->
<testsuite hostname="Windows81" name="com.api.testscripts.UpdatePartiallyTest" tests="1" failures="0" timestamp="24 Jun 2020 05:35:12 GMT" time="1.041" errors="0">
  <testcase name="checkPartiaUpdate" time="1.041" classname="com.api.testscripts.UpdatePartiallyTest"/>
</testsuite> <!-- com.api.testscripts.UpdatePartiallyTest -->
