<?xml version="1.0" encoding="UTF-8"?>
<!-- Generated by org.testng.reporters.JUnitReportReporter -->
<testsuite hostname="Windows81" name="com.api.testscripts.CreateNewResourceTest" tests="1" failures="0" timestamp="24 Jun 2020 05:35:12 GMT" time="11.113" errors="0">
  <testcase name="checkCreateNewResource" time="11.113" classname="com.api.testscripts.CreateNewResourceTest"/>
</testsuite> <!-- com.api.testscripts.CreateNewResourceTest -->
