<?xml version="1.0" encoding="UTF-8"?>
<!-- Generated by org.testng.reporters.JUnitReportReporter -->
<testsuite hostname="Windows81" name="com.api.testscripts.FetchAllPostsTest" tests="1" failures="0" timestamp="24 Jun 2020 05:35:12 GMT" time="0.677" errors="0">
  <testcase name="checkFetchAllPosts" time="0.677" classname="com.api.testscripts.FetchAllPostsTest"/>
</testsuite> <!-- com.api.testscripts.FetchAllPostsTest -->
