<?xml version="1.0" encoding="UTF-8"?>
<!-- Generated by org.testng.reporters.JUnitReportReporter -->
<testsuite hostname="Windows81" name="com.api.testscripts.FetchAllCountryTest" tests="1" failures="0" timestamp="24 Jun 2020 05:35:12 GMT" time="5.688" errors="0">
  <testcase name="checkAllCountries" time="5.688" classname="com.api.testscripts.FetchAllCountryTest"/>
</testsuite> <!-- com.api.testscripts.FetchAllCountryTest -->
